<?xml version="1.0" encoding="UTF-8"?>
<!-- Generated by org.testng.reporters.JUnitReportReporter -->
<testsuite hostname="EPBYMINW5520" name="com.epam.hello_ci.LogicTest" tests="4" failures="0" timestamp="22 May 2017 07:39:25 GMT" time="0.016" errors="0">
  <testcase name="returnNullLineTest" time="0.006" classname="com.epam.hello_ci.LogicTest"/>
  <testcase name="returnNullGreetingTest" time="0.003" classname="com.epam.hello_ci.LogicTest"/>
  <testcase name="returnNotNullLineTest" time="0.002" classname="com.epam.hello_ci.LogicTest"/>
  <testcase name="returnNotNullGreetingTest" time="0.005" classname="com.epam.hello_ci.LogicTest"/>
</testsuite> <!-- com.epam.hello_ci.LogicTest -->
