<?xml version="1.0" encoding="UTF-8"?>
<!-- Generated by org.testng.reporters.JUnitReportReporter -->
<testsuite hostname="EPBYMINW5520" name="com.epam.hello_ci.LogicTest" tests="2" failures="0" timestamp="18 May 2017 14:43:34 GMT" time="0.012" errors="0">
  <testcase name="returnNullLineTest" time="0.006" classname="com.epam.hello_ci.LogicTest"/>
  <testcase name="returnNotNullLineTest" time="0.006" classname="com.epam.hello_ci.LogicTest"/>
</testsuite> <!-- com.epam.hello_ci.LogicTest -->
