<?xml version="1.0" encoding="UTF-8"?>
<!-- Generated by org.testng.reporters.JUnitReportReporter -->
<testsuite hostname="EPBYMINW5520" name="com.epam.hello_ci.LogicTest" tests="2" failures="0" timestamp="19 May 2017 12:07:27 GMT" time="0.007" errors="0">
  <testcase name="returnNotNullLineTest" time="0.007" classname="com.epam.hello_ci.LogicTest"/>
  <testcase name="returnNullLineTest" time="0.000" classname="com.epam.hello_ci.LogicTest"/>
</testsuite> <!-- com.epam.hello_ci.LogicTest -->
